2026-03-12 13:27:05.376 [background-preinit] INFO  o.h.validator.internal.util.Version - HV000001: Hibernate Validator 8.0.1.Final
2026-03-12 13:27:05.460 [main] INFO  com.pkm.store.StoreApplication - Starting StoreApplication using Java 17.0.15 with PID 22024 (C:\Users\ehdgu\poketmon\backend\build\classes\java\main started by ehdgu in C:\Users\ehdgu\poketmon)
2026-03-12 13:27:05.461 [main] INFO  com.pkm.store.StoreApplication - No active profile set, falling back to 1 default profile: "default"
2026-03-12 13:27:07.186 [main] INFO  o.s.d.r.c.RepositoryConfigurationDelegate - Bootstrapping Spring Data JPA repositories in DEFAULT mode.
2026-03-12 13:27:07.346 [main] INFO  o.s.d.r.c.RepositoryConfigurationDelegate - Finished Spring Data repository scanning in 143 ms. Found 4 JPA repository interfaces.
2026-03-12 13:27:08.695 [main] INFO  o.s.b.w.e.tomcat.TomcatWebServer - Tomcat initialized with port 8080 (http)
2026-03-12 13:27:08.709 [main] INFO  o.a.coyote.http11.Http11NioProtocol - Initializing ProtocolHandler ["http-nio-8080"]
2026-03-12 13:27:08.715 [main] INFO  o.a.catalina.core.StandardService - Starting service [Tomcat]
2026-03-12 13:27:08.716 [main] INFO  o.a.catalina.core.StandardEngine - Starting Servlet engine: [Apache Tomcat/10.1.19]
2026-03-12 13:27:08.872 [main] INFO  o.a.c.c.C.[Tomcat].[localhost].[/] - Initializing Spring embedded WebApplicationContext
2026-03-12 13:27:08.874 [main] INFO  o.s.b.w.s.c.ServletWebServerApplicationContext - Root WebApplicationContext: initialization completed in 3275 ms
2026-03-12 13:27:10.538 [main] INFO  o.h.jpa.internal.util.LogHelper - HHH000204: Processing PersistenceUnitInfo [name: default]
2026-03-12 13:27:10.683 [main] INFO  org.hibernate.Version - HHH000412: Hibernate ORM core version 6.4.4.Final
2026-03-12 13:27:10.772 [main] INFO  o.h.c.i.RegionFactoryInitiator - HHH000026: Second-level cache disabled
2026-03-12 13:27:11.404 [main] INFO  o.s.o.j.p.SpringPersistenceUnitInfo - No LoadTimeWeaver setup: ignoring JPA class transformer
2026-03-12 13:27:11.491 [main] INFO  com.zaxxer.hikari.HikariDataSource - HikariPool-1 - Starting...
2026-03-12 13:27:11.876 [main] INFO  com.zaxxer.hikari.pool.HikariPool - HikariPool-1 - Added connection com.mysql.cj.jdbc.ConnectionImpl@4504a4ed
2026-03-12 13:27:11.886 [main] INFO  com.zaxxer.hikari.HikariDataSource - HikariPool-1 - Start completed.
2026-03-12 13:27:14.183 [main] INFO  o.h.e.t.j.p.i.JtaPlatformInitiator - HHH000489: No JTA platform available (set 'hibernate.transaction.jta.platform' to enable JTA platform integration)
2026-03-12 13:27:14.283 [main] DEBUG org.hibernate.SQL - 
    alter table products 
       add column category enum ('BOOSTER_BOX','STARTER_DECK','SPECIAL_SET','SUPPLY') not null
2026-03-12 13:27:14.355 [main] DEBUG org.hibernate.SQL - 
    alter table products 
       add column release_date date
2026-03-12 13:27:14.402 [main] DEBUG org.hibernate.SQL - 
    alter table products 
       add column series enum ('SCARLET_VIOLET','SWORD_SHIELD','SUN_MOON','CLASSIC') not null
2026-03-12 13:27:14.440 [main] DEBUG org.hibernate.SQL - 
    alter table products 
       add column status enum ('PRE_ORDER','ON_SALE','OUT_OF_STOCK','END_OF_SALE') not null
2026-03-12 13:27:14.575 [main] INFO  o.s.o.j.LocalContainerEntityManagerFactoryBean - Initialized JPA EntityManagerFactory for persistence unit 'default'
2026-03-12 13:27:15.835 [main] WARN  o.s.b.a.o.j.JpaBaseConfiguration$JpaWebConfiguration - spring.jpa.open-in-view is enabled by default. Therefore, database queries may be performed during view rendering. Explicitly configure spring.jpa.open-in-view to disable this warning
2026-03-12 13:27:15.872 [main] WARN  o.s.b.a.s.s.UserDetailsServiceAutoConfiguration - 

Using generated security password: a484ffc5-b065-4fcd-9938-7b640aeef335

This generated password is for development use only. Your security configuration must be updated before running your application in production.

2026-03-12 13:27:16.402 [main] INFO  o.s.s.web.DefaultSecurityFilterChain - Will secure any request with [org.springframework.security.web.session.DisableEncodeUrlFilter@15364d8b, org.springframework.security.web.context.request.async.WebAsyncManagerIntegrationFilter@7a680b69, org.springframework.security.web.context.SecurityContextHolderFilter@37736bf1, org.springframework.security.web.header.HeaderWriterFilter@31ebc5fa, org.springframework.web.filter.CorsFilter@10b6a807, org.springframework.web.filter.CorsFilter@17c533f3, org.springframework.security.web.authentication.logout.LogoutFilter@c8293cb, com.pkm.store.global.jwt.JwtFilter@22cb3d59, org.springframework.security.web.savedrequest.RequestCacheAwareFilter@22128b73, org.springframework.security.web.servletapi.SecurityContextHolderAwareRequestFilter@338f9bb5, org.springframework.security.web.authentication.AnonymousAuthenticationFilter@30386e95, org.springframework.security.web.session.SessionManagementFilter@6066cf5, org.springframework.security.web.access.ExceptionTranslationFilter@3aca7082, org.springframework.security.web.access.intercept.AuthorizationFilter@c5c7db1]
2026-03-12 13:27:16.952 [main] INFO  o.a.coyote.http11.Http11NioProtocol - Starting ProtocolHandler ["http-nio-8080"]
2026-03-12 13:27:17.001 [main] INFO  o.s.b.w.e.tomcat.TomcatWebServer - Tomcat started on port 8080 (http) with context path ''
2026-03-12 13:27:17.022 [main] INFO  com.pkm.store.StoreApplication - Started StoreApplication in 12.48 seconds (process running for 13.882)
2026-03-12 13:27:17.324 [main] DEBUG org.hibernate.SQL - 
    select
        m1_0.member_id,
        m1_0.created_at,
        m1_0.email,
        m1_0.nickname,
        m1_0.password,
        m1_0.role,
        m1_0.updated_at 
    from
        members m1_0 
    where
        m1_0.email=?
2026-03-12 13:27:49.774 [http-nio-8080-exec-1] INFO  o.a.c.c.C.[Tomcat].[localhost].[/] - Initializing Spring DispatcherServlet 'dispatcherServlet'
2026-03-12 13:27:49.775 [http-nio-8080-exec-1] INFO  o.s.web.servlet.DispatcherServlet - Initializing Servlet 'dispatcherServlet'
2026-03-12 13:27:49.779 [http-nio-8080-exec-1] INFO  o.s.web.servlet.DispatcherServlet - Completed initialization in 3 ms
2026-03-12 13:27:55.499 [SpringApplicationShutdownHook] INFO  o.s.o.j.LocalContainerEntityManagerFactoryBean - Closing JPA EntityManagerFactory for persistence unit 'default'
2026-03-12 13:27:55.503 [SpringApplicationShutdownHook] INFO  com.zaxxer.hikari.HikariDataSource - HikariPool-1 - Shutdown initiated...
2026-03-12 13:27:55.513 [SpringApplicationShutdownHook] INFO  com.zaxxer.hikari.HikariDataSource - HikariPool-1 - Shutdown completed.
